2023-02-07 21:18:12.321  INFO 25992 --- [restartedMain] kr.co.farmstory.FarmstoryApplication     : Starting FarmstoryApplication using Java 17.0.4 on DESKTOP-ETF46C9 with PID 25992 (C:\Users\a0107\Desktop\이나 개발\Workspace\SpringBoot\Farmstory\out\production\classes started by 장인화 in C:\Users\a0107\Desktop\이나 개발\Workspace\SpringBoot\Farmstory)
2023-02-07 21:18:12.372  INFO 25992 --- [restartedMain] kr.co.farmstory.FarmstoryApplication     : No active profile set, falling back to 1 default profile: "default"
2023-02-07 21:18:12.606  INFO 25992 --- [restartedMain] .e.DevToolsPropertyDefaultsPostProcessor : Devtools property defaults active! Set 'spring.devtools.add-properties' to 'false' to disable
2023-02-07 21:18:12.607  INFO 25992 --- [restartedMain] .e.DevToolsPropertyDefaultsPostProcessor : For additional web related logging consider setting the 'logging.level.web' property to 'DEBUG'
2023-02-07 21:18:14.334  INFO 25992 --- [restartedMain] .s.d.r.c.RepositoryConfigurationDelegate : Bootstrapping Spring Data JPA repositories in DEFAULT mode.
2023-02-07 21:18:14.597  INFO 25992 --- [restartedMain] .s.d.r.c.RepositoryConfigurationDelegate : Finished Spring Data repository scanning in 227 ms. Found 1 JPA repository interfaces.
2023-02-07 21:18:16.643  INFO 25992 --- [restartedMain] o.s.b.w.embedded.tomcat.TomcatWebServer  : Tomcat initialized with port(s): 8181 (http)
2023-02-07 21:18:16.665  INFO 25992 --- [restartedMain] o.apache.catalina.core.StandardService   : Starting service [Tomcat]
2023-02-07 21:18:16.666  INFO 25992 --- [restartedMain] org.apache.catalina.core.StandardEngine  : Starting Servlet engine: [Apache Tomcat/9.0.71]
2023-02-07 21:18:16.851  INFO 25992 --- [restartedMain] o.a.c.c.C.[.[localhost].[/Farmstory]     : Initializing Spring embedded WebApplicationContext
2023-02-07 21:18:16.851  INFO 25992 --- [restartedMain] w.s.c.ServletWebServerApplicationContext : Root WebApplicationContext: initialization completed in 4244 ms
2023-02-07 21:18:17.007  INFO 25992 --- [restartedMain] com.zaxxer.hikari.HikariDataSource       : HikariPool-1 - Starting...
2023-02-07 21:18:17.912  INFO 25992 --- [restartedMain] com.zaxxer.hikari.HikariDataSource       : HikariPool-1 - Start completed.
2023-02-07 21:18:17.933  INFO 25992 --- [restartedMain] o.s.b.a.h2.H2ConsoleAutoConfiguration    : H2 console available at '/h2-console'. Database available at 'jdbc:mysql://127.0.0.1:3306/java1_board'
2023-02-07 21:18:18.359  WARN 25992 --- [restartedMain] o.a.c.c.C.[.[localhost].[/Farmstory]     : Cannot deserialize session attribute [SPRING_SECURITY_CONTEXT] for session [E005CC890ADB58681F042BE14A6DD53D]
2023-02-07 21:18:19.383  INFO 25992 --- [restartedMain] o.hibernate.jpa.internal.util.LogHelper  : HHH000204: Processing PersistenceUnitInfo [name: default]
2023-02-07 21:18:19.597  INFO 25992 --- [restartedMain] org.hibernate.Version                    : HHH000412: Hibernate ORM core version 5.6.14.Final
2023-02-07 21:18:20.133  INFO 25992 --- [restartedMain] o.hibernate.annotations.common.Version   : HCANN000001: Hibernate Commons Annotations {5.1.2.Final}
2023-02-07 21:18:20.385  INFO 25992 --- [restartedMain] org.hibernate.dialect.Dialect            : HHH000400: Using dialect: org.hibernate.dialect.MySQL5InnoDBDialect
2023-02-07 21:18:22.465  INFO 25992 --- [restartedMain] o.h.e.t.j.p.i.JtaPlatformInitiator       : HHH000490: Using JtaPlatform implementation: [org.hibernate.engine.transaction.jta.platform.internal.NoJtaPlatform]
2023-02-07 21:18:22.479  INFO 25992 --- [restartedMain] j.LocalContainerEntityManagerFactoryBean : Initialized JPA EntityManagerFactory for persistence unit 'default'
2023-02-07 21:18:23.143  WARN 25992 --- [restartedMain] JpaBaseConfiguration$JpaWebConfiguration : spring.jpa.open-in-view is enabled by default. Therefore, database queries may be performed during view rendering. Explicitly configure spring.jpa.open-in-view to disable this warning
2023-02-07 21:18:24.118  INFO 25992 --- [restartedMain] o.s.s.web.DefaultSecurityFilterChain     : Will secure any request with [org.springframework.security.web.session.DisableEncodeUrlFilter@317c2401, org.springframework.security.web.context.request.async.WebAsyncManagerIntegrationFilter@21233e8d, org.springframework.security.web.context.SecurityContextPersistenceFilter@52091aca, org.springframework.security.web.header.HeaderWriterFilter@74814aa7, org.springframework.security.web.authentication.logout.LogoutFilter@3dc9ade2, org.springframework.security.web.authentication.UsernamePasswordAuthenticationFilter@50f3fd4e, org.springframework.security.web.savedrequest.RequestCacheAwareFilter@6d1d4503, org.springframework.security.web.servletapi.SecurityContextHolderAwareRequestFilter@2c2cb6d8, org.springframework.security.web.authentication.AnonymousAuthenticationFilter@2aa30901, org.springframework.security.web.session.SessionManagementFilter@1cd530f2, org.springframework.security.web.access.ExceptionTranslationFilter@38ebf59b, org.springframework.security.web.access.intercept.FilterSecurityInterceptor@4096597a]
2023-02-07 21:18:24.460  INFO 25992 --- [restartedMain] o.s.b.a.w.s.WelcomePageHandlerMapping    : Adding welcome page template: index
2023-02-07 21:18:25.057  INFO 25992 --- [restartedMain] o.s.b.d.a.OptionalLiveReloadServer       : LiveReload server is running on port 35729
2023-02-07 21:18:25.197  INFO 25992 --- [restartedMain] o.s.b.w.embedded.tomcat.TomcatWebServer  : Tomcat started on port(s): 8181 (http) with context path '/Farmstory'
2023-02-07 21:18:25.220  INFO 25992 --- [restartedMain] kr.co.farmstory.FarmstoryApplication     : Started FarmstoryApplication in 14.411 seconds (JVM running for 16.318)
2023-02-07 21:18:42.177  INFO 25992 --- [http-nio-8181-exec-2] o.a.c.c.C.[.[localhost].[/Farmstory]     : Initializing Spring DispatcherServlet 'dispatcherServlet'
2023-02-07 21:18:42.178  INFO 25992 --- [http-nio-8181-exec-2] o.s.web.servlet.DispatcherServlet        : Initializing Servlet 'dispatcherServlet'
2023-02-07 21:18:42.180  INFO 25992 --- [http-nio-8181-exec-2] o.s.web.servlet.DispatcherServlet        : Completed initialization in 1 ms
2023-02-07 21:19:05.558  INFO 25992 --- [SpringApplicationShutdownHook] j.LocalContainerEntityManagerFactoryBean : Closing JPA EntityManagerFactory for persistence unit 'default'
2023-02-07 21:19:05.565  INFO 25992 --- [SpringApplicationShutdownHook] com.zaxxer.hikari.HikariDataSource       : HikariPool-1 - Shutdown initiated...
2023-02-07 21:19:05.728  INFO 25992 --- [SpringApplicationShutdownHook] com.zaxxer.hikari.HikariDataSource       : HikariPool-1 - Shutdown completed.
2023-02-07 21:19:51.914  INFO 25664 --- [restartedMain] kr.co.farmstory.FarmstoryApplication     : Starting FarmstoryApplication using Java 11.0.16.1 on DESKTOP-ETF46C9 with PID 25664 (C:\Users\a0107\Desktop\이나 개발\Workspace\SpringBoot\Farmstory\bin\main started by 장인화 in C:\Users\a0107\Desktop\이나 개발\Workspace\SpringBoot\Farmstory)
2023-02-07 21:19:51.917  INFO 25664 --- [restartedMain] kr.co.farmstory.FarmstoryApplication     : No active profile set, falling back to 1 default profile: "default"
2023-02-07 21:19:52.030  INFO 25664 --- [restartedMain] .e.DevToolsPropertyDefaultsPostProcessor : Devtools property defaults active! Set 'spring.devtools.add-properties' to 'false' to disable
2023-02-07 21:19:52.031  INFO 25664 --- [restartedMain] .e.DevToolsPropertyDefaultsPostProcessor : For additional web related logging consider setting the 'logging.level.web' property to 'DEBUG'
2023-02-07 21:19:52.130  INFO 24192 --- [restartedMain] kr.co.farmstory.FarmstoryApplication     : Starting FarmstoryApplication using Java 11.0.16.1 on DESKTOP-ETF46C9 with PID 24192 (C:\Users\a0107\Desktop\이나 개발\Workspace\SpringBoot\Farmstory\bin\main started by 장인화 in C:\Users\a0107\Desktop\이나 개발\Workspace\SpringBoot\Farmstory)
2023-02-07 21:19:52.145  INFO 24192 --- [restartedMain] kr.co.farmstory.FarmstoryApplication     : No active profile set, falling back to 1 default profile: "default"
2023-02-07 21:19:52.348  INFO 24192 --- [restartedMain] .e.DevToolsPropertyDefaultsPostProcessor : Devtools property defaults active! Set 'spring.devtools.add-properties' to 'false' to disable
2023-02-07 21:19:52.352  INFO 24192 --- [restartedMain] .e.DevToolsPropertyDefaultsPostProcessor : For additional web related logging consider setting the 'logging.level.web' property to 'DEBUG'
2023-02-07 21:19:54.026  INFO 25664 --- [restartedMain] .s.d.r.c.RepositoryConfigurationDelegate : Bootstrapping Spring Data JPA repositories in DEFAULT mode.
2023-02-07 21:19:54.218  INFO 25664 --- [restartedMain] .s.d.r.c.RepositoryConfigurationDelegate : Finished Spring Data repository scanning in 161 ms. Found 1 JPA repository interfaces.
2023-02-07 21:19:54.451  INFO 24192 --- [restartedMain] .s.d.r.c.RepositoryConfigurationDelegate : Bootstrapping Spring Data JPA repositories in DEFAULT mode.
2023-02-07 21:19:54.647  INFO 24192 --- [restartedMain] .s.d.r.c.RepositoryConfigurationDelegate : Finished Spring Data repository scanning in 156 ms. Found 1 JPA repository interfaces.
2023-02-07 21:19:56.145  INFO 25664 --- [restartedMain] o.s.b.w.embedded.tomcat.TomcatWebServer  : Tomcat initialized with port(s): 8181 (http)
2023-02-07 21:19:56.192  INFO 25664 --- [restartedMain] o.apache.catalina.core.StandardService   : Starting service [Tomcat]
2023-02-07 21:19:56.194  INFO 25664 --- [restartedMain] org.apache.catalina.core.StandardEngine  : Starting Servlet engine: [Apache Tomcat/9.0.71]
2023-02-07 21:19:56.488  INFO 25664 --- [restartedMain] o.a.c.c.C.[.[localhost].[/Farmstory]     : Initializing Spring embedded WebApplicationContext
2023-02-07 21:19:56.489  INFO 25664 --- [restartedMain] w.s.c.ServletWebServerApplicationContext : Root WebApplicationContext: initialization completed in 4457 ms
2023-02-07 21:19:56.596  INFO 25664 --- [restartedMain] com.zaxxer.hikari.HikariDataSource       : HikariPool-1 - Starting...
2023-02-07 21:19:56.694  INFO 24192 --- [restartedMain] o.s.b.w.embedded.tomcat.TomcatWebServer  : Tomcat initialized with port(s): 8181 (http)
2023-02-07 21:19:56.733  INFO 24192 --- [restartedMain] o.apache.catalina.core.StandardService   : Starting service [Tomcat]
2023-02-07 21:19:56.736  INFO 24192 --- [restartedMain] org.apache.catalina.core.StandardEngine  : Starting Servlet engine: [Apache Tomcat/9.0.71]
2023-02-07 21:19:57.046  INFO 24192 --- [restartedMain] o.a.c.c.C.[.[localhost].[/Farmstory]     : Initializing Spring embedded WebApplicationContext
2023-02-07 21:19:57.055  INFO 24192 --- [restartedMain] w.s.c.ServletWebServerApplicationContext : Root WebApplicationContext: initialization completed in 4702 ms
2023-02-07 21:19:57.188  INFO 24192 --- [restartedMain] com.zaxxer.hikari.HikariDataSource       : HikariPool-1 - Starting...
2023-02-07 21:19:57.713  INFO 25664 --- [restartedMain] com.zaxxer.hikari.HikariDataSource       : HikariPool-1 - Start completed.
2023-02-07 21:19:57.753  INFO 25664 --- [restartedMain] o.s.b.a.h2.H2ConsoleAutoConfiguration    : H2 console available at '/h2-console'. Database available at 'jdbc:mysql://127.0.0.1:3306/java1_board'
2023-02-07 21:19:58.351  INFO 25664 --- [restartedMain] o.hibernate.jpa.internal.util.LogHelper  : HHH000204: Processing PersistenceUnitInfo [name: default]
2023-02-07 21:19:58.428  INFO 24192 --- [restartedMain] com.zaxxer.hikari.HikariDataSource       : HikariPool-1 - Start completed.
2023-02-07 21:19:58.473  INFO 24192 --- [restartedMain] o.s.b.a.h2.H2ConsoleAutoConfiguration    : H2 console available at '/h2-console'. Database available at 'jdbc:mysql://127.0.0.1:3306/java1_board'
2023-02-07 21:19:58.545  INFO 25664 --- [restartedMain] org.hibernate.Version                    : HHH000412: Hibernate ORM core version 5.6.14.Final
2023-02-07 21:19:59.362  INFO 25664 --- [restartedMain] o.hibernate.annotations.common.Version   : HCANN000001: Hibernate Commons Annotations {5.1.2.Final}
2023-02-07 21:19:59.451  INFO 24192 --- [restartedMain] o.hibernate.jpa.internal.util.LogHelper  : HHH000204: Processing PersistenceUnitInfo [name: default]
2023-02-07 21:19:59.789  INFO 24192 --- [restartedMain] org.hibernate.Version                    : HHH000412: Hibernate ORM core version 5.6.14.Final
2023-02-07 21:19:59.804  INFO 25664 --- [restartedMain] org.hibernate.dialect.Dialect            : HHH000400: Using dialect: org.hibernate.dialect.MySQL5InnoDBDialect
2023-02-07 21:20:00.519  INFO 24192 --- [restartedMain] o.hibernate.annotations.common.Version   : HCANN000001: Hibernate Commons Annotations {5.1.2.Final}
2023-02-07 21:20:00.976  INFO 24192 --- [restartedMain] org.hibernate.dialect.Dialect            : HHH000400: Using dialect: org.hibernate.dialect.MySQL5InnoDBDialect
2023-02-07 21:20:02.066  INFO 25664 --- [restartedMain] o.h.e.t.j.p.i.JtaPlatformInitiator       : HHH000490: Using JtaPlatform implementation: [org.hibernate.engine.transaction.jta.platform.internal.NoJtaPlatform]
2023-02-07 21:20:02.093  INFO 25664 --- [restartedMain] j.LocalContainerEntityManagerFactoryBean : Initialized JPA EntityManagerFactory for persistence unit 'default'
2023-02-07 21:20:03.264  WARN 25664 --- [restartedMain] JpaBaseConfiguration$JpaWebConfiguration : spring.jpa.open-in-view is enabled by default. Therefore, database queries may be performed during view rendering. Explicitly configure spring.jpa.open-in-view to disable this warning
2023-02-07 21:20:03.487  INFO 24192 --- [restartedMain] o.h.e.t.j.p.i.JtaPlatformInitiator       : HHH000490: Using JtaPlatform implementation: [org.hibernate.engine.transaction.jta.platform.internal.NoJtaPlatform]
2023-02-07 21:20:03.511  INFO 24192 --- [restartedMain] j.LocalContainerEntityManagerFactoryBean : Initialized JPA EntityManagerFactory for persistence unit 'default'
2023-02-07 21:20:04.514  WARN 24192 --- [restartedMain] JpaBaseConfiguration$JpaWebConfiguration : spring.jpa.open-in-view is enabled by default. Therefore, database queries may be performed during view rendering. Explicitly configure spring.jpa.open-in-view to disable this warning
2023-02-07 21:20:04.621  INFO 25664 --- [restartedMain] o.s.s.web.DefaultSecurityFilterChain     : Will secure any request with [org.springframework.security.web.session.DisableEncodeUrlFilter@632a01eb, org.springframework.security.web.context.request.async.WebAsyncManagerIntegrationFilter@6a52e849, org.springframework.security.web.context.SecurityContextPersistenceFilter@79227745, org.springframework.security.web.header.HeaderWriterFilter@5bd9fcc0, org.springframework.security.web.authentication.logout.LogoutFilter@151108cb, org.springframework.security.web.authentication.UsernamePasswordAuthenticationFilter@6bf111de, org.springframework.security.web.savedrequest.RequestCacheAwareFilter@57bf42ce, org.springframework.security.web.servletapi.SecurityContextHolderAwareRequestFilter@4586b340, org.springframework.security.web.authentication.AnonymousAuthenticationFilter@79007e38, org.springframework.security.web.session.SessionManagementFilter@3a6b5f78, org.springframework.security.web.access.ExceptionTranslationFilter@1e0f5073, org.springframework.security.web.access.intercept.FilterSecurityInterceptor@13961c57]
2023-02-07 21:20:05.210  INFO 25664 --- [restartedMain] o.s.b.a.w.s.WelcomePageHandlerMapping    : Adding welcome page template: index
2023-02-07 21:20:06.127  INFO 25664 --- [restartedMain] o.s.b.d.a.OptionalLiveReloadServer       : LiveReload server is running on port 35729
2023-02-07 21:20:06.239  INFO 24192 --- [restartedMain] o.s.s.web.DefaultSecurityFilterChain     : Will secure any request with [org.springframework.security.web.session.DisableEncodeUrlFilter@6bbde696, org.springframework.security.web.context.request.async.WebAsyncManagerIntegrationFilter@3f03838b, org.springframework.security.web.context.SecurityContextPersistenceFilter@61d7ce0, org.springframework.security.web.header.HeaderWriterFilter@413c170b, org.springframework.security.web.authentication.logout.LogoutFilter@4334f4d8, org.springframework.security.web.authentication.UsernamePasswordAuthenticationFilter@4dd1fbd3, org.springframework.security.web.savedrequest.RequestCacheAwareFilter@e3dcff7, org.springframework.security.web.servletapi.SecurityContextHolderAwareRequestFilter@72a085d6, org.springframework.security.web.authentication.AnonymousAuthenticationFilter@9be73cf, org.springframework.security.web.session.SessionManagementFilter@ee76c3c, org.springframework.security.web.access.ExceptionTranslationFilter@6be8f0ce, org.springframework.security.web.access.intercept.FilterSecurityInterceptor@33fc32b9]
2023-02-07 21:20:06.311  INFO 25664 --- [restartedMain] o.s.b.w.embedded.tomcat.TomcatWebServer  : Tomcat started on port(s): 8181 (http) with context path '/Farmstory'
2023-02-07 21:20:06.360  INFO 25664 --- [restartedMain] kr.co.farmstory.FarmstoryApplication     : Started FarmstoryApplication in 15.42 seconds (JVM running for 17.769)
2023-02-07 21:20:07.070  INFO 24192 --- [restartedMain] o.s.b.a.w.s.WelcomePageHandlerMapping    : Adding welcome page template: index
2023-02-07 21:20:08.280  WARN 24192 --- [restartedMain] o.s.b.d.a.OptionalLiveReloadServer       : Unable to start LiveReload server
2023-02-07 21:20:08.429  WARN 24192 --- [restartedMain] ConfigServletWebServerApplicationContext : Exception encountered during context initialization - cancelling refresh attempt: org.springframework.context.ApplicationContextException: Failed to start bean 'webServerStartStop'; nested exception is org.springframework.boot.web.server.PortInUseException: Port 8181 is already in use
2023-02-07 21:20:08.462  INFO 24192 --- [restartedMain] j.LocalContainerEntityManagerFactoryBean : Closing JPA EntityManagerFactory for persistence unit 'default'
2023-02-07 21:20:08.477  INFO 24192 --- [restartedMain] com.zaxxer.hikari.HikariDataSource       : HikariPool-1 - Shutdown initiated...
2023-02-07 21:20:08.560  INFO 24192 --- [restartedMain] com.zaxxer.hikari.HikariDataSource       : HikariPool-1 - Shutdown completed.
2023-02-07 21:20:08.570  INFO 24192 --- [restartedMain] o.apache.catalina.core.StandardService   : Stopping service [Tomcat]
2023-02-07 21:20:08.626  INFO 24192 --- [restartedMain] ConditionEvaluationReportLoggingListener : 

Error starting ApplicationContext. To display the conditions report re-run your application with 'debug' enabled.
2023-02-07 21:20:08.708 ERROR 24192 --- [restartedMain] o.s.b.d.LoggingFailureAnalysisReporter   : 

***************************
APPLICATION FAILED TO START
***************************

Description:

Web server failed to start. Port 8181 was already in use.

Action:

Identify and stop the process that's listening on port 8181 or configure this application to listen on another port.

2023-02-07 21:20:19.854  INFO 25664 --- [http-nio-8181-exec-3] o.a.c.c.C.[.[localhost].[/Farmstory]     : Initializing Spring DispatcherServlet 'dispatcherServlet'
2023-02-07 21:20:19.855  INFO 25664 --- [http-nio-8181-exec-3] o.s.web.servlet.DispatcherServlet        : Initializing Servlet 'dispatcherServlet'
2023-02-07 21:20:19.857  INFO 25664 --- [http-nio-8181-exec-3] o.s.web.servlet.DispatcherServlet        : Completed initialization in 2 ms
2023-02-07 21:20:20.076  WARN 25664 --- [http-nio-8181-exec-3] o.a.c.util.SessionIdGeneratorBase        : Creation of SecureRandom instance for session ID generation using [SHA1PRNG] took [162] milliseconds.
2023-02-07 21:20:31.524  INFO 25664 --- [RMI TCP Connection(2)-127.0.0.1] inMXBeanRegistrar$SpringApplicationAdmin : Application shutdown requested.
2023-02-07 21:20:31.790  INFO 25664 --- [RMI TCP Connection(2)-127.0.0.1] o.apache.catalina.core.StandardService   : Stopping service [Tomcat]
2023-02-07 21:20:31.796  INFO 25664 --- [RMI TCP Connection(2)-127.0.0.1] o.a.c.c.C.[.[localhost].[/Farmstory]     : Destroying Spring FrameworkServlet 'dispatcherServlet'
2023-02-07 21:20:31.859  WARN 25664 --- [RMI TCP Connection(2)-127.0.0.1] o.a.c.c.C.[.[localhost].[/Farmstory]     : Cannot serialize session attribute [SPRING_SECURITY_CONTEXT] for session [1D819D4AEC4677BF7B65833831C72B52]

java.io.NotSerializableException: kr.co.farmstory.entity.UserEntity
	at java.base/java.io.ObjectOutputStream.writeObject0(ObjectOutputStream.java:1185) ~[na:na]
	at java.base/java.io.ObjectOutputStream.defaultWriteFields(ObjectOutputStream.java:1553) ~[na:na]
	at java.base/java.io.ObjectOutputStream.writeSerialData(ObjectOutputStream.java:1510) ~[na:na]
	at java.base/java.io.ObjectOutputStream.writeOrdinaryObject(ObjectOutputStream.java:1433) ~[na:na]
	at java.base/java.io.ObjectOutputStream.writeObject0(ObjectOutputStream.java:1179) ~[na:na]
	at java.base/java.io.ObjectOutputStream.defaultWriteFields(ObjectOutputStream.java:1553) ~[na:na]
	at java.base/java.io.ObjectOutputStream.writeSerialData(ObjectOutputStream.java:1510) ~[na:na]
	at java.base/java.io.ObjectOutputStream.writeOrdinaryObject(ObjectOutputStream.java:1433) ~[na:na]
	at java.base/java.io.ObjectOutputStream.writeObject0(ObjectOutputStream.java:1179) ~[na:na]
	at java.base/java.io.ObjectOutputStream.defaultWriteFields(ObjectOutputStream.java:1553) ~[na:na]
	at java.base/java.io.ObjectOutputStream.writeSerialData(ObjectOutputStream.java:1510) ~[na:na]
	at java.base/java.io.ObjectOutputStream.writeOrdinaryObject(ObjectOutputStream.java:1433) ~[na:na]
	at java.base/java.io.ObjectOutputStream.writeObject0(ObjectOutputStream.java:1179) ~[na:na]
	at java.base/java.io.ObjectOutputStream.writeObject(ObjectOutputStream.java:349) ~[na:na]
	at org.apache.catalina.session.StandardSession.doWriteObject(StandardSession.java:1761) ~[tomcat-embed-core-9.0.71.jar:9.0.71]
	at org.apache.catalina.session.StandardSession.writeObjectData(StandardSession.java:1067) ~[tomcat-embed-core-9.0.71.jar:9.0.71]
	at org.apache.catalina.session.StandardManager.doUnload(StandardManager.java:317) ~[tomcat-embed-core-9.0.71.jar:9.0.71]
	at org.apache.catalina.session.StandardManager.unload(StandardManager.java:268) ~[tomcat-embed-core-9.0.71.jar:9.0.71]
	at org.apache.catalina.session.StandardManager.stopInternal(StandardManager.java:384) ~[tomcat-embed-core-9.0.71.jar:9.0.71]
	at org.apache.catalina.util.LifecycleBase.stop(LifecycleBase.java:257) ~[tomcat-embed-core-9.0.71.jar:9.0.71]
	at org.apache.catalina.core.StandardContext.stopInternal(StandardContext.java:5459) ~[tomcat-embed-core-9.0.71.jar:9.0.71]
	at org.apache.catalina.util.LifecycleBase.stop(LifecycleBase.java:257) ~[tomcat-embed-core-9.0.71.jar:9.0.71]
	at org.apache.catalina.core.ContainerBase$StopChild.call(ContainerBase.java:1409) ~[tomcat-embed-core-9.0.71.jar:9.0.71]
	at org.apache.catalina.core.ContainerBase$StopChild.call(ContainerBase.java:1398) ~[tomcat-embed-core-9.0.71.jar:9.0.71]
	at java.base/java.util.concurrent.FutureTask.run(FutureTask.java:264) ~[na:na]
	at org.apache.tomcat.util.threads.InlineExecutorService.execute(InlineExecutorService.java:75) ~[tomcat-embed-core-9.0.71.jar:9.0.71]
	at java.base/java.util.concurrent.AbstractExecutorService.submit(AbstractExecutorService.java:140) ~[na:na]
	at org.apache.catalina.core.ContainerBase.stopInternal(ContainerBase.java:983) ~[tomcat-embed-core-9.0.71.jar:9.0.71]
	at org.apache.catalina.util.LifecycleBase.stop(LifecycleBase.java:257) ~[tomcat-embed-core-9.0.71.jar:9.0.71]
	at org.apache.catalina.core.ContainerBase$StopChild.call(ContainerBase.java:1409) ~[tomcat-embed-core-9.0.71.jar:9.0.71]
	at org.apache.catalina.core.ContainerBase$StopChild.call(ContainerBase.java:1398) ~[tomcat-embed-core-9.0.71.jar:9.0.71]
	at java.base/java.util.concurrent.FutureTask.run(FutureTask.java:264) ~[na:na]
	at org.apache.tomcat.util.threads.InlineExecutorService.execute(InlineExecutorService.java:75) ~[tomcat-embed-core-9.0.71.jar:9.0.71]
	at java.base/java.util.concurrent.AbstractExecutorService.submit(AbstractExecutorService.java:140) ~[na:na]
	at org.apache.catalina.core.ContainerBase.stopInternal(ContainerBase.java:983) ~[tomcat-embed-core-9.0.71.jar:9.0.71]
	at org.apache.catalina.util.LifecycleBase.stop(LifecycleBase.java:257) ~[tomcat-embed-core-9.0.71.jar:9.0.71]
	at org.apache.catalina.core.StandardService.stopInternal(StandardService.java:495) ~[tomcat-embed-core-9.0.71.jar:9.0.71]
	at org.apache.catalina.util.LifecycleBase.stop(LifecycleBase.java:257) ~[tomcat-embed-core-9.0.71.jar:9.0.71]
	at org.apache.catalina.core.StandardServer.stopInternal(StandardServer.java:982) ~[tomcat-embed-core-9.0.71.jar:9.0.71]
	at org.apache.catalina.util.LifecycleBase.stop(LifecycleBase.java:257) ~[tomcat-embed-core-9.0.71.jar:9.0.71]
	at org.apache.catalina.startup.Tomcat.stop(Tomcat.java:496) ~[tomcat-embed-core-9.0.71.jar:9.0.71]
	at org.springframework.boot.web.embedded.tomcat.TomcatWebServer.stopTomcat(TomcatWebServer.java:273) ~[spring-boot-2.7.8.jar:2.7.8]
	at org.springframework.boot.web.embedded.tomcat.TomcatWebServer.stop(TomcatWebServer.java:331) ~[spring-boot-2.7.8.jar:2.7.8]
	at org.springframework.boot.web.servlet.context.WebServerStartStopLifecycle.stop(WebServerStartStopLifecycle.java:52) ~[spring-boot-2.7.8.jar:2.7.8]
	at org.springframework.context.SmartLifecycle.stop(SmartLifecycle.java:117) ~[spring-context-5.3.25.jar:5.3.25]
	at org.springframework.context.support.DefaultLifecycleProcessor.doStop(DefaultLifecycleProcessor.java:234) ~[spring-context-5.3.25.jar:5.3.25]
	at org.springframework.context.support.DefaultLifecycleProcessor.access$300(DefaultLifecycleProcessor.java:54) ~[spring-context-5.3.25.jar:5.3.25]
	at org.springframework.context.support.DefaultLifecycleProcessor$LifecycleGroup.stop(DefaultLifecycleProcessor.java:373) ~[spring-context-5.3.25.jar:5.3.25]
	at org.springframework.context.support.DefaultLifecycleProcessor.stopBeans(DefaultLifecycleProcessor.java:206) ~[spring-context-5.3.25.jar:5.3.25]
	at org.springframework.context.support.DefaultLifecycleProcessor.onClose(DefaultLifecycleProcessor.java:129) ~[spring-context-5.3.25.jar:5.3.25]
	at org.springframework.context.support.AbstractApplicationContext.doClose(AbstractApplicationContext.java:1067) ~[spring-context-5.3.25.jar:5.3.25]
	at org.springframework.boot.web.servlet.context.ServletWebServerApplicationContext.doClose(ServletWebServerApplicationContext.java:174) ~[spring-boot-2.7.8.jar:2.7.8]
	at org.springframework.context.support.AbstractApplicationContext.close(AbstractApplicationContext.java:1021) ~[spring-context-5.3.25.jar:5.3.25]
	at org.springframework.boot.admin.SpringApplicationAdminMXBeanRegistrar$SpringApplicationAdmin.shutdown(SpringApplicationAdminMXBeanRegistrar.java:160) ~[spring-boot-2.7.8.jar:2.7.8]
	at java.base/jdk.internal.reflect.NativeMethodAccessorImpl.invoke0(Native Method) ~[na:na]
	at java.base/jdk.internal.reflect.NativeMethodAccessorImpl.invoke(NativeMethodAccessorImpl.java:62) ~[na:na]
	at java.base/jdk.internal.reflect.DelegatingMethodAccessorImpl.invoke(DelegatingMethodAccessorImpl.java:43) ~[na:na]
	at java.base/java.lang.reflect.Method.invoke(Method.java:566) ~[na:na]
	at sun.reflect.misc.Trampoline.invoke(MethodUtil.java:71) ~[na:na]
	at jdk.internal.reflect.GeneratedMethodAccessor18.invoke(Unknown Source) ~[na:na]
	at java.base/jdk.internal.reflect.DelegatingMethodAccessorImpl.invoke(DelegatingMethodAccessorImpl.java:43) ~[na:na]
	at java.base/java.lang.reflect.Method.invoke(Method.java:566) ~[na:na]
	at java.base/sun.reflect.misc.MethodUtil.invoke(MethodUtil.java:260) ~[na:na]
	at java.management/com.sun.jmx.mbeanserver.ConvertingMethod.invokeWithOpenReturn(ConvertingMethod.java:193) ~[na:na]
	at java.management/com.sun.jmx.mbeanserver.ConvertingMethod.invokeWithOpenReturn(ConvertingMethod.java:175) ~[na:na]
	at java.management/com.sun.jmx.mbeanserver.MXBeanIntrospector.invokeM2(MXBeanIntrospector.java:117) ~[na:na]
	at java.management/com.sun.jmx.mbeanserver.MXBeanIntrospector.invokeM2(MXBeanIntrospector.java:54) ~[na:na]
	at java.management/com.sun.jmx.mbeanserver.MBeanIntrospector.invokeM(MBeanIntrospector.java:237) ~[na:na]
	at java.management/com.sun.jmx.mbeanserver.PerInterface.invoke(PerInterface.java:138) ~[na:na]
	at java.management/com.sun.jmx.mbeanserver.MBeanSupport.invoke(MBeanSupport.java:252) ~[na:na]
	at java.management/com.sun.jmx.interceptor.DefaultMBeanServerInterceptor.invoke(DefaultMBeanServerInterceptor.java:809) ~[na:na]
	at java.management/com.sun.jmx.mbeanserver.JmxMBeanServer.invoke(JmxMBeanServer.java:801) ~[na:na]
	at java.management.rmi/javax.management.remote.rmi.RMIConnectionImpl.doOperation(RMIConnectionImpl.java:1466) ~[na:na]
	at java.management.rmi/javax.management.remote.rmi.RMIConnectionImpl$PrivilegedOperation.run(RMIConnectionImpl.java:1307) ~[na:na]
	at java.management.rmi/javax.management.remote.rmi.RMIConnectionImpl.doPrivilegedOperation(RMIConnectionImpl.java:1399) ~[na:na]
	at java.management.rmi/javax.management.remote.rmi.RMIConnectionImpl.invoke(RMIConnectionImpl.java:827) ~[na:na]
	at java.base/jdk.internal.reflect.GeneratedMethodAccessor20.invoke(Unknown Source) ~[na:na]
	at java.base/jdk.internal.reflect.DelegatingMethodAccessorImpl.invoke(DelegatingMethodAccessorImpl.java:43) ~[na:na]
	at java.base/java.lang.reflect.Method.invoke(Method.java:566) ~[na:na]
	at java.rmi/sun.rmi.server.UnicastServerRef.dispatch(UnicastServerRef.java:359) ~[na:na]
	at java.rmi/sun.rmi.transport.Transport$1.run(Transport.java:200) ~[na:na]
	at java.rmi/sun.rmi.transport.Transport$1.run(Transport.java:197) ~[na:na]
	at java.base/java.security.AccessController.doPrivileged(Native Method) ~[na:na]
	at java.rmi/sun.rmi.transport.Transport.serviceCall(Transport.java:196) ~[na:na]
	at java.rmi/sun.rmi.transport.tcp.TCPTransport.handleMessages(TCPTransport.java:562) ~[na:na]
	at java.rmi/sun.rmi.transport.tcp.TCPTransport$ConnectionHandler.run0(TCPTransport.java:796) ~[na:na]
	at java.rmi/sun.rmi.transport.tcp.TCPTransport$ConnectionHandler.lambda$run$0(TCPTransport.java:677) ~[na:na]
	at java.base/java.security.AccessController.doPrivileged(Native Method) ~[na:na]
	at java.rmi/sun.rmi.transport.tcp.TCPTransport$ConnectionHandler.run(TCPTransport.java:676) ~[na:na]
	at java.base/java.util.concurrent.ThreadPoolExecutor.runWorker(ThreadPoolExecutor.java:1128) ~[na:na]
	at java.base/java.util.concurrent.ThreadPoolExecutor$Worker.run(ThreadPoolExecutor.java:628) ~[na:na]
	at java.base/java.lang.Thread.run(Thread.java:834) ~[na:na]

2023-02-07 21:20:31.885  INFO 25664 --- [RMI TCP Connection(2)-127.0.0.1] j.LocalContainerEntityManagerFactoryBean : Closing JPA EntityManagerFactory for persistence unit 'default'
2023-02-07 21:20:31.893  INFO 25664 --- [RMI TCP Connection(2)-127.0.0.1] com.zaxxer.hikari.HikariDataSource       : HikariPool-1 - Shutdown initiated...
2023-02-07 21:20:31.941  INFO 25664 --- [RMI TCP Connection(2)-127.0.0.1] com.zaxxer.hikari.HikariDataSource       : HikariPool-1 - Shutdown completed.
